2025-07-24 03:57:31,455 - INFO - Analyzing file: /tmp/tmp6tbz6sdc/Banking/Account-Service/src/main/java/org/training/account/service/AccountServiceApplication.java
2025-07-24 03:57:31,460 - INFO - Analyzing file: /tmp/tmp6tbz6sdc/Banking/Account-Service/src/main/java/org/training/account/service/configuration/FeignClientErrorDecoder.java
2025-07-24 03:57:31,464 - INFO - Analyzing file: /tmp/tmp6tbz6sdc/Banking/Account-Service/src/main/java/org/training/account/service/configuration/FeignConfiguration.java
2025-07-24 03:57:31,465 - INFO - Analyzing file: /tmp/tmp6tbz6sdc/Banking/Account-Service/src/main/java/org/training/account/service/controller/AccountController.java
2025-07-24 03:57:31,471 - INFO - Analyzing file: /tmp/tmp6tbz6sdc/Banking/Account-Service/src/main/java/org/training/account/service/exception/AccountClosingException.java
2025-07-24 03:57:31,472 - INFO - Analyzing file: /tmp/tmp6tbz6sdc/Banking/Account-Service/src/main/java/org/training/account/service/exception/AccountStatusException.java
2025-07-24 03:57:31,473 - INFO - Analyzing file: /tmp/tmp6tbz6sdc/Banking/Account-Service/src/main/java/org/training/account/service/exception/ErrorResponse.java
2025-07-24 03:57:31,474 - INFO - Analyzing file: /tmp/tmp6tbz6sdc/Banking/Account-Service/src/main/java/org/training/account/service/exception/GlobalErrorCode.java
2025-07-24 03:57:31,475 - INFO - Analyzing file: /tmp/tmp6tbz6sdc/Banking/Account-Service/src/main/java/org/training/account/service/exception/GlobalException.java
2025-07-24 03:57:31,476 - INFO - Analyzing file: /tmp/tmp6tbz6sdc/Banking/Account-Service/src/main/java/org/training/account/service/exception/GlobalExceptionHandler.java
2025-07-24 03:57:31,480 - INFO - Analyzing file: /tmp/tmp6tbz6sdc/Banking/Account-Service/src/main/java/org/training/account/service/exception/InSufficientFunds.java
2025-07-24 03:57:31,482 - INFO - Analyzing file: /tmp/tmp6tbz6sdc/Banking/Account-Service/src/main/java/org/training/account/service/exception/ResourceConflict.java
2025-07-24 03:57:31,483 - INFO - Analyzing file: /tmp/tmp6tbz6sdc/Banking/Account-Service/src/main/java/org/training/account/service/exception/ResourceNotFound.java
2025-07-24 03:57:31,486 - INFO - Analyzing file: /tmp/tmp6tbz6sdc/Banking/Account-Service/src/main/java/org/training/account/service/external/SequenceService.java
2025-07-24 03:57:31,487 - INFO - Analyzing file: /tmp/tmp6tbz6sdc/Banking/Account-Service/src/main/java/org/training/account/service/external/TransactionService.java
2025-07-24 03:57:31,489 - INFO - Analyzing file: /tmp/tmp6tbz6sdc/Banking/Account-Service/src/main/java/org/training/account/service/external/UserService.java
2025-07-24 03:57:31,491 - INFO - Analyzing file: /tmp/tmp6tbz6sdc/Banking/Account-Service/src/main/java/org/training/account/service/model/AccountStatus.java
2025-07-24 03:57:31,492 - INFO - Analyzing file: /tmp/tmp6tbz6sdc/Banking/Account-Service/src/main/java/org/training/account/service/model/AccountType.java
2025-07-24 03:57:31,492 - INFO - Analyzing file: /tmp/tmp6tbz6sdc/Banking/Account-Service/src/main/java/org/training/account/service/model/Constants.java
2025-07-24 03:57:31,493 - INFO - Analyzing file: /tmp/tmp6tbz6sdc/Banking/Account-Service/src/main/java/org/training/account/service/model/dto/AccountDto.java
2025-07-24 03:57:31,494 - INFO - Analyzing file: /tmp/tmp6tbz6sdc/Banking/Account-Service/src/main/java/org/training/account/service/model/dto/AccountStatusUpdate.java
2025-07-24 03:57:31,495 - INFO - Analyzing file: /tmp/tmp6tbz6sdc/Banking/Account-Service/src/main/java/org/training/account/service/model/dto/external/SequenceDto.java
2025-07-24 03:57:31,496 - INFO - Analyzing file: /tmp/tmp6tbz6sdc/Banking/Account-Service/src/main/java/org/training/account/service/model/dto/external/TransactionResponse.java
2025-07-24 03:57:31,497 - INFO - Analyzing file: /tmp/tmp6tbz6sdc/Banking/Account-Service/src/main/java/org/training/account/service/model/dto/external/UserDto.java
2025-07-24 03:57:31,499 - INFO - Analyzing file: /tmp/tmp6tbz6sdc/Banking/Account-Service/src/main/java/org/training/account/service/model/dto/response/Response.java
2025-07-24 03:57:31,500 - INFO - Analyzing file: /tmp/tmp6tbz6sdc/Banking/Account-Service/src/main/java/org/training/account/service/model/entity/Account.java
2025-07-24 03:57:31,503 - INFO - Analyzing file: /tmp/tmp6tbz6sdc/Banking/Account-Service/src/main/java/org/training/account/service/model/mapper/AccountMapper.java
2025-07-24 03:57:31,505 - INFO - Analyzing file: /tmp/tmp6tbz6sdc/Banking/Account-Service/src/main/java/org/training/account/service/model/mapper/BaseMapper.java
2025-07-24 03:57:31,508 - INFO - Analyzing file: /tmp/tmp6tbz6sdc/Banking/Account-Service/src/main/java/org/training/account/service/repository/AccountRepository.java
2025-07-24 03:57:31,510 - INFO - Analyzing file: /tmp/tmp6tbz6sdc/Banking/Account-Service/src/main/java/org/training/account/service/service/AccountService.java
2025-07-24 03:57:31,516 - INFO - Analyzing file: /tmp/tmp6tbz6sdc/Banking/Account-Service/src/main/java/org/training/account/service/service/implementation/AccountServiceImpl.java
2025-07-24 03:57:31,532 - INFO - Analyzing file: /tmp/tmp6tbz6sdc/Banking/Account-Service/src/test/java/org/training/account/service/AccountServiceApplicationTests.java
2025-07-24 03:57:31,534 - INFO - Analyzing file: /tmp/tmp6tbz6sdc/Banking/API-Gateway/src/main/java/org/training/api/gateway/ApiGatewayApplication.java
2025-07-24 03:57:31,535 - INFO - Analyzing file: /tmp/tmp6tbz6sdc/Banking/API-Gateway/src/main/java/org/training/api/gateway/config/SecurityConfig.java
2025-07-24 03:57:31,538 - INFO - Analyzing file: /tmp/tmp6tbz6sdc/Banking/API-Gateway/src/test/java/org/training/api/gateway/ApiGatewayApplicationTests.java
2025-07-24 03:57:31,540 - INFO - Analyzing file: /tmp/tmp6tbz6sdc/Banking/docs/member-search-index.js
2025-07-24 03:57:31,573 - INFO - Analyzing file: /tmp/tmp6tbz6sdc/Banking/docs/module-search-index.js
2025-07-24 03:57:31,573 - INFO - Analyzing file: /tmp/tmp6tbz6sdc/Banking/docs/package-search-index.js
2025-07-24 03:57:31,576 - INFO - Analyzing file: /tmp/tmp6tbz6sdc/Banking/docs/script.js
2025-07-24 03:57:31,582 - INFO - Analyzing file: /tmp/tmp6tbz6sdc/Banking/docs/search.js
2025-07-24 03:57:31,597 - INFO - Analyzing file: /tmp/tmp6tbz6sdc/Banking/docs/tag-search-index.js
2025-07-24 03:57:31,598 - INFO - Analyzing file: /tmp/tmp6tbz6sdc/Banking/docs/type-search-index.js
2025-07-24 03:57:31,604 - INFO - Analyzing file: /tmp/tmp6tbz6sdc/Banking/docs/script-dir/jquery-3.6.0.min.js
2025-07-24 03:57:31,737 - INFO - Analyzing file: /tmp/tmp6tbz6sdc/Banking/docs/script-dir/jquery-ui.min.js
2025-07-24 03:57:31,767 - INFO - Analyzing file: /tmp/tmp6tbz6sdc/Banking/Fund-Transfer/src/main/java/org/training/fundtransfer/FundTransferApplication.java
2025-07-24 03:57:31,768 - INFO - Analyzing file: /tmp/tmp6tbz6sdc/Banking/Fund-Transfer/src/main/java/org/training/fundtransfer/configuration/FeignClientConfiguration.java
2025-07-24 03:57:31,770 - INFO - Analyzing file: /tmp/tmp6tbz6sdc/Banking/Fund-Transfer/src/main/java/org/training/fundtransfer/configuration/FeignClientErrorDecoder.java
2025-07-24 03:57:31,774 - INFO - Analyzing file: /tmp/tmp6tbz6sdc/Banking/Fund-Transfer/src/main/java/org/training/fundtransfer/controller/FundTransferController.java
2025-07-24 03:57:31,777 - INFO - Analyzing file: /tmp/tmp6tbz6sdc/Banking/Fund-Transfer/src/main/java/org/training/fundtransfer/exception/AccountUpdateException.java
2025-07-24 03:57:31,778 - INFO - Analyzing file: /tmp/tmp6tbz6sdc/Banking/Fund-Transfer/src/main/java/org/training/fundtransfer/exception/ErrorResponse.java
2025-07-24 03:57:31,779 - INFO - Analyzing file: /tmp/tmp6tbz6sdc/Banking/Fund-Transfer/src/main/java/org/training/fundtransfer/exception/GlobalErrorCode.java
2025-07-24 03:57:31,780 - INFO - Analyzing file: /tmp/tmp6tbz6sdc/Banking/Fund-Transfer/src/main/java/org/training/fundtransfer/exception/GlobalException.java
2025-07-24 03:57:31,781 - INFO - Analyzing file: /tmp/tmp6tbz6sdc/Banking/Fund-Transfer/src/main/java/org/training/fundtransfer/exception/GlobalExceptionHandler.java
2025-07-24 03:57:31,784 - INFO - Analyzing file: /tmp/tmp6tbz6sdc/Banking/Fund-Transfer/src/main/java/org/training/fundtransfer/exception/InsufficientBalance.java
2025-07-24 03:57:31,784 - INFO - Analyzing file: /tmp/tmp6tbz6sdc/Banking/Fund-Transfer/src/main/java/org/training/fundtransfer/exception/ResourceNotFound.java
2025-07-24 03:57:31,785 - INFO - Analyzing file: /tmp/tmp6tbz6sdc/Banking/Fund-Transfer/src/main/java/org/training/fundtransfer/external/AccountService.java
2025-07-24 03:57:31,788 - INFO - Analyzing file: /tmp/tmp6tbz6sdc/Banking/Fund-Transfer/src/main/java/org/training/fundtransfer/external/TransactionService.java
2025-07-24 03:57:31,792 - INFO - Analyzing file: /tmp/tmp6tbz6sdc/Banking/Fund-Transfer/src/main/java/org/training/fundtransfer/model/TransactionStatus.java
2025-07-24 03:57:31,792 - INFO - Analyzing file: /tmp/tmp6tbz6sdc/Banking/Fund-Transfer/src/main/java/org/training/fundtransfer/model/TransferType.java
2025-07-24 03:57:31,793 - INFO - Analyzing file: /tmp/tmp6tbz6sdc/Banking/Fund-Transfer/src/main/java/org/training/fundtransfer/model/dto/Account.java
2025-07-24 03:57:31,795 - INFO - Analyzing file: /tmp/tmp6tbz6sdc/Banking/Fund-Transfer/src/main/java/org/training/fundtransfer/model/dto/FundTransferDto.java
2025-07-24 03:57:31,796 - INFO - Analyzing file: /tmp/tmp6tbz6sdc/Banking/Fund-Transfer/src/main/java/org/training/fundtransfer/model/dto/Transaction.java
2025-07-24 03:57:31,798 - INFO - Analyzing file: /tmp/tmp6tbz6sdc/Banking/Fund-Transfer/src/main/java/org/training/fundtransfer/model/dto/request/FundTransferRequest.java
2025-07-24 03:57:31,799 - INFO - Analyzing file: /tmp/tmp6tbz6sdc/Banking/Fund-Transfer/src/main/java/org/training/fundtransfer/model/dto/response/FundTransferResponse.java
2025-07-24 03:57:31,800 - INFO - Analyzing file: /tmp/tmp6tbz6sdc/Banking/Fund-Transfer/src/main/java/org/training/fundtransfer/model/dto/response/Response.java
2025-07-24 03:57:31,801 - INFO - Analyzing file: /tmp/tmp6tbz6sdc/Banking/Fund-Transfer/src/main/java/org/training/fundtransfer/model/entity/FundTransfer.java
2025-07-24 03:57:31,804 - INFO - Analyzing file: /tmp/tmp6tbz6sdc/Banking/Fund-Transfer/src/main/java/org/training/fundtransfer/model/mapper/BaseMapper.java
2025-07-24 03:57:31,811 - INFO - Analyzing file: /tmp/tmp6tbz6sdc/Banking/Fund-Transfer/src/main/java/org/training/fundtransfer/model/mapper/FundTransferMapper.java
2025-07-24 03:57:31,815 - INFO - Analyzing file: /tmp/tmp6tbz6sdc/Banking/Fund-Transfer/src/main/java/org/training/fundtransfer/repository/FundTransferRepository.java
2025-07-24 03:57:31,817 - INFO - Analyzing file: /tmp/tmp6tbz6sdc/Banking/Fund-Transfer/src/main/java/org/training/fundtransfer/service/FundTransferService.java
2025-07-24 03:57:31,819 - INFO - Analyzing file: /tmp/tmp6tbz6sdc/Banking/Fund-Transfer/src/main/java/org/training/fundtransfer/service/implementation/FundTransferServiceImpl.java
2025-07-24 03:57:31,828 - INFO - Analyzing file: /tmp/tmp6tbz6sdc/Banking/Sequence-Generator/src/main/java/org/training/sequence/generator/SequenceGeneratorApplication.java
2025-07-24 03:57:31,829 - INFO - Analyzing file: /tmp/tmp6tbz6sdc/Banking/Sequence-Generator/src/main/java/org/training/sequence/generator/controller/SequenceController.java
2025-07-24 03:57:31,831 - INFO - Analyzing file: /tmp/tmp6tbz6sdc/Banking/Sequence-Generator/src/main/java/org/training/sequence/generator/model/entity/Sequence.java
2025-07-24 03:57:31,833 - INFO - Analyzing file: /tmp/tmp6tbz6sdc/Banking/Sequence-Generator/src/main/java/org/training/sequence/generator/reporitory/SequenceRepository.java
2025-07-24 03:57:31,834 - INFO - Analyzing file: /tmp/tmp6tbz6sdc/Banking/Sequence-Generator/src/main/java/org/training/sequence/generator/service/SequenceService.java
2025-07-24 03:57:31,835 - INFO - Analyzing file: /tmp/tmp6tbz6sdc/Banking/Sequence-Generator/src/main/java/org/training/sequence/generator/service/implementation/SequenceServiceImpl.java
2025-07-24 03:57:31,837 - INFO - Analyzing file: /tmp/tmp6tbz6sdc/Banking/Service-Registry/src/main/java/org/training/service/registry/ServiceRegistryApplication.java
2025-07-24 03:57:31,838 - INFO - Analyzing file: /tmp/tmp6tbz6sdc/Banking/Service-Registry/src/test/java/org/training/service/registry/ServiceRegistryApplicationTests.java
2025-07-24 03:57:31,840 - INFO - Analyzing file: /tmp/tmp6tbz6sdc/Banking/Transaction-Service/src/main/java/org/training/transactions/TransactionServiceApplication.java
2025-07-24 03:57:31,841 - INFO - Analyzing file: /tmp/tmp6tbz6sdc/Banking/Transaction-Service/src/main/java/org/training/transactions/configuration/FeignClientConfiguration.java
2025-07-24 03:57:31,843 - INFO - Analyzing file: /tmp/tmp6tbz6sdc/Banking/Transaction-Service/src/main/java/org/training/transactions/configuration/FeignClientErrorDecoder.java
2025-07-24 03:57:31,847 - INFO - Analyzing file: /tmp/tmp6tbz6sdc/Banking/Transaction-Service/src/main/java/org/training/transactions/controller/TransactionController.java
2025-07-24 03:57:31,852 - INFO - Analyzing file: /tmp/tmp6tbz6sdc/Banking/Transaction-Service/src/main/java/org/training/transactions/exception/AccountStatusException.java
2025-07-24 03:57:31,853 - INFO - Analyzing file: /tmp/tmp6tbz6sdc/Banking/Transaction-Service/src/main/java/org/training/transactions/exception/ErrorResponse.java
2025-07-24 03:57:31,855 - INFO - Analyzing file: /tmp/tmp6tbz6sdc/Banking/Transaction-Service/src/main/java/org/training/transactions/exception/GlobalErrorCode.java
2025-07-24 03:57:31,856 - INFO - Analyzing file: /tmp/tmp6tbz6sdc/Banking/Transaction-Service/src/main/java/org/training/transactions/exception/GlobalException.java
2025-07-24 03:57:31,857 - INFO - Analyzing file: /tmp/tmp6tbz6sdc/Banking/Transaction-Service/src/main/java/org/training/transactions/exception/GlobalExceptionHandler.java
2025-07-24 03:57:31,860 - INFO - Analyzing file: /tmp/tmp6tbz6sdc/Banking/Transaction-Service/src/main/java/org/training/transactions/exception/InsufficientBalance.java
2025-07-24 03:57:31,860 - INFO - Analyzing file: /tmp/tmp6tbz6sdc/Banking/Transaction-Service/src/main/java/org/training/transactions/exception/ResourceNotFound.java
2025-07-24 03:57:31,861 - INFO - Analyzing file: /tmp/tmp6tbz6sdc/Banking/Transaction-Service/src/main/java/org/training/transactions/external/AccountService.java
2025-07-24 03:57:31,864 - INFO - Analyzing file: /tmp/tmp6tbz6sdc/Banking/Transaction-Service/src/main/java/org/training/transactions/model/TransactionStatus.java
2025-07-24 03:57:31,865 - INFO - Analyzing file: /tmp/tmp6tbz6sdc/Banking/Transaction-Service/src/main/java/org/training/transactions/model/TransactionType.java
2025-07-24 03:57:31,865 - INFO - Analyzing file: /tmp/tmp6tbz6sdc/Banking/Transaction-Service/src/main/java/org/training/transactions/model/dto/TransactionDto.java
2025-07-24 03:57:31,867 - INFO - Analyzing file: /tmp/tmp6tbz6sdc/Banking/Transaction-Service/src/main/java/org/training/transactions/model/entity/Transaction.java
2025-07-24 03:57:31,870 - INFO - Analyzing file: /tmp/tmp6tbz6sdc/Banking/Transaction-Service/src/main/java/org/training/transactions/model/external/Account.java
2025-07-24 03:57:31,871 - INFO - Analyzing file: /tmp/tmp6tbz6sdc/Banking/Transaction-Service/src/main/java/org/training/transactions/model/mapper/BaseMapper.java
2025-07-24 03:57:31,873 - INFO - Analyzing file: /tmp/tmp6tbz6sdc/Banking/Transaction-Service/src/main/java/org/training/transactions/model/mapper/TransactionMapper.java
2025-07-24 03:57:31,875 - INFO - Analyzing file: /tmp/tmp6tbz6sdc/Banking/Transaction-Service/src/main/java/org/training/transactions/model/response/Response.java
2025-07-24 03:57:31,876 - INFO - Analyzing file: /tmp/tmp6tbz6sdc/Banking/Transaction-Service/src/main/java/org/training/transactions/model/response/TransactionRequest.java
2025-07-24 03:57:31,878 - INFO - Analyzing file: /tmp/tmp6tbz6sdc/Banking/Transaction-Service/src/main/java/org/training/transactions/repository/TransactionRepository.java
2025-07-24 03:57:31,879 - INFO - Analyzing file: /tmp/tmp6tbz6sdc/Banking/Transaction-Service/src/main/java/org/training/transactions/service/TransactionService.java
2025-07-24 03:57:31,882 - INFO - Analyzing file: /tmp/tmp6tbz6sdc/Banking/Transaction-Service/src/main/java/org/training/transactions/service/implementation/TransactionServiceImpl.java
2025-07-24 03:57:31,891 - INFO - Analyzing file: /tmp/tmp6tbz6sdc/Banking/User-Service/src/main/java/org/training/user/service/UserServiceApplication.java
2025-07-24 03:57:31,892 - INFO - Analyzing file: /tmp/tmp6tbz6sdc/Banking/User-Service/src/main/java/org/training/user/service/config/Configurations.java
2025-07-24 03:57:31,893 - INFO - Analyzing file: /tmp/tmp6tbz6sdc/Banking/User-Service/src/main/java/org/training/user/service/config/FeignClientConfiguration.java
2025-07-24 03:57:31,895 - INFO - Analyzing file: /tmp/tmp6tbz6sdc/Banking/User-Service/src/main/java/org/training/user/service/config/FeignClientErrorDecoder.java
2025-07-24 03:57:31,901 - INFO - Analyzing file: /tmp/tmp6tbz6sdc/Banking/User-Service/src/main/java/org/training/user/service/config/KeyCloakManager.java
2025-07-24 03:57:31,903 - INFO - Analyzing file: /tmp/tmp6tbz6sdc/Banking/User-Service/src/main/java/org/training/user/service/config/KeyCloakProperties.java
2025-07-24 03:57:31,905 - INFO - Analyzing file: /tmp/tmp6tbz6sdc/Banking/User-Service/src/main/java/org/training/user/service/controller/UserController.java
2025-07-24 03:57:31,912 - INFO - Analyzing file: /tmp/tmp6tbz6sdc/Banking/User-Service/src/main/java/org/training/user/service/exception/EmptyFields.java
2025-07-24 03:57:31,912 - INFO - Analyzing file: /tmp/tmp6tbz6sdc/Banking/User-Service/src/main/java/org/training/user/service/exception/ErrorResponse.java
2025-07-24 03:57:31,913 - INFO - Analyzing file: /tmp/tmp6tbz6sdc/Banking/User-Service/src/main/java/org/training/user/service/exception/GlobalError.java
2025-07-24 03:57:31,914 - INFO - Analyzing file: /tmp/tmp6tbz6sdc/Banking/User-Service/src/main/java/org/training/user/service/exception/GlobalException.java
2025-07-24 03:57:31,915 - INFO - Analyzing file: /tmp/tmp6tbz6sdc/Banking/User-Service/src/main/java/org/training/user/service/exception/GlobalExceptionHandler.java
2025-07-24 03:57:31,918 - INFO - Analyzing file: /tmp/tmp6tbz6sdc/Banking/User-Service/src/main/java/org/training/user/service/exception/ResourceConflictException.java
2025-07-24 03:57:31,920 - INFO - Analyzing file: /tmp/tmp6tbz6sdc/Banking/User-Service/src/main/java/org/training/user/service/exception/ResourceNotFound.java
2025-07-24 03:57:31,921 - INFO - Analyzing file: /tmp/tmp6tbz6sdc/Banking/User-Service/src/main/java/org/training/user/service/external/AccountService.java
2025-07-24 03:57:31,923 - INFO - Analyzing file: /tmp/tmp6tbz6sdc/Banking/User-Service/src/main/java/org/training/user/service/model/Status.java
2025-07-24 03:57:31,923 - INFO - Analyzing file: /tmp/tmp6tbz6sdc/Banking/User-Service/src/main/java/org/training/user/service/model/dto/CreateUser.java
2025-07-24 03:57:31,924 - INFO - Analyzing file: /tmp/tmp6tbz6sdc/Banking/User-Service/src/main/java/org/training/user/service/model/dto/UserDto.java
2025-07-24 03:57:31,926 - INFO - Analyzing file: /tmp/tmp6tbz6sdc/Banking/User-Service/src/main/java/org/training/user/service/model/dto/UserProfileDto.java
2025-07-24 03:57:31,928 - INFO - Analyzing file: /tmp/tmp6tbz6sdc/Banking/User-Service/src/main/java/org/training/user/service/model/dto/UserUpdate.java
2025-07-24 03:57:31,930 - INFO - Analyzing file: /tmp/tmp6tbz6sdc/Banking/User-Service/src/main/java/org/training/user/service/model/dto/UserUpdateStatus.java
2025-07-24 03:57:31,931 - INFO - Analyzing file: /tmp/tmp6tbz6sdc/Banking/User-Service/src/main/java/org/training/user/service/model/dto/external/AccountResponse.java
2025-07-24 03:57:31,933 - INFO - Analyzing file: /tmp/tmp6tbz6sdc/Banking/User-Service/src/main/java/org/training/user/service/model/dto/external/UserCreate.java
2025-07-24 03:57:31,934 - INFO - Analyzing file: /tmp/tmp6tbz6sdc/Banking/User-Service/src/main/java/org/training/user/service/model/dto/response/ReadUser.java
2025-07-24 03:57:31,935 - INFO - Analyzing file: /tmp/tmp6tbz6sdc/Banking/User-Service/src/main/java/org/training/user/service/model/dto/response/Response.java
2025-07-24 03:57:31,936 - INFO - Analyzing file: /tmp/tmp6tbz6sdc/Banking/User-Service/src/main/java/org/training/user/service/model/entity/User.java
2025-07-24 03:57:31,938 - INFO - Analyzing file: /tmp/tmp6tbz6sdc/Banking/User-Service/src/main/java/org/training/user/service/model/entity/UserProfile.java
2025-07-24 03:57:31,940 - INFO - Analyzing file: /tmp/tmp6tbz6sdc/Banking/User-Service/src/main/java/org/training/user/service/model/external/Account.java
2025-07-24 03:57:31,941 - INFO - Analyzing file: /tmp/tmp6tbz6sdc/Banking/User-Service/src/main/java/org/training/user/service/model/mapper/BaseMapper.java
2025-07-24 03:57:31,944 - INFO - Analyzing file: /tmp/tmp6tbz6sdc/Banking/User-Service/src/main/java/org/training/user/service/model/mapper/UserMapper.java
2025-07-24 03:57:31,947 - INFO - Analyzing file: /tmp/tmp6tbz6sdc/Banking/User-Service/src/main/java/org/training/user/service/repository/UserRepository.java
2025-07-24 03:57:31,949 - INFO - Analyzing file: /tmp/tmp6tbz6sdc/Banking/User-Service/src/main/java/org/training/user/service/service/KeycloakService.java
2025-07-24 03:57:31,951 - INFO - Analyzing file: /tmp/tmp6tbz6sdc/Banking/User-Service/src/main/java/org/training/user/service/service/UserService.java
2025-07-24 03:57:31,955 - INFO - Analyzing file: /tmp/tmp6tbz6sdc/Banking/User-Service/src/main/java/org/training/user/service/service/implementation/KeycloakServiceImpl.java
2025-07-24 03:57:31,961 - INFO - Analyzing file: /tmp/tmp6tbz6sdc/Banking/User-Service/src/main/java/org/training/user/service/service/implementation/UserServiceImpl.java
2025-07-24 03:57:31,972 - INFO - Analyzing file: /tmp/tmp6tbz6sdc/Banking/User-Service/src/main/java/org/training/user/service/utils/FieldChecker.java
2025-07-24 03:57:31,981 - INFO - Analysis report generated: MyApp_CodeLens_20250724_035731.html
2025-07-24 03:58:17,690 - ERROR - Error analyzing Excel file: No 'attr_description' or 'description' column found in the Excel file
2025-07-24 05:42:41,559 - INFO - Analyzing file: /tmp/tmp3ez6naka/Banking/Account-Service/src/main/java/org/training/account/service/AccountServiceApplication.java
2025-07-24 05:42:41,581 - INFO - Analyzing file: /tmp/tmp3ez6naka/Banking/Account-Service/src/main/java/org/training/account/service/configuration/FeignClientErrorDecoder.java
2025-07-24 05:42:41,587 - INFO - Analyzing file: /tmp/tmp3ez6naka/Banking/Account-Service/src/main/java/org/training/account/service/configuration/FeignConfiguration.java
2025-07-24 05:42:41,590 - INFO - Analyzing file: /tmp/tmp3ez6naka/Banking/Account-Service/src/main/java/org/training/account/service/controller/AccountController.java
2025-07-24 05:42:41,609 - INFO - Analyzing file: /tmp/tmp3ez6naka/Banking/Account-Service/src/main/java/org/training/account/service/exception/AccountClosingException.java
2025-07-24 05:42:41,610 - INFO - Analyzing file: /tmp/tmp3ez6naka/Banking/Account-Service/src/main/java/org/training/account/service/exception/AccountStatusException.java
2025-07-24 05:42:41,611 - INFO - Analyzing file: /tmp/tmp3ez6naka/Banking/Account-Service/src/main/java/org/training/account/service/exception/ErrorResponse.java
2025-07-24 05:42:41,615 - INFO - Analyzing file: /tmp/tmp3ez6naka/Banking/Account-Service/src/main/java/org/training/account/service/exception/GlobalErrorCode.java
2025-07-24 05:42:41,616 - INFO - Analyzing file: /tmp/tmp3ez6naka/Banking/Account-Service/src/main/java/org/training/account/service/exception/GlobalException.java
2025-07-24 05:42:41,617 - INFO - Analyzing file: /tmp/tmp3ez6naka/Banking/Account-Service/src/main/java/org/training/account/service/exception/GlobalExceptionHandler.java
2025-07-24 05:42:41,625 - INFO - Analyzing file: /tmp/tmp3ez6naka/Banking/Account-Service/src/main/java/org/training/account/service/exception/InSufficientFunds.java
2025-07-24 05:42:41,626 - INFO - Analyzing file: /tmp/tmp3ez6naka/Banking/Account-Service/src/main/java/org/training/account/service/exception/ResourceConflict.java
2025-07-24 05:42:41,627 - INFO - Analyzing file: /tmp/tmp3ez6naka/Banking/Account-Service/src/main/java/org/training/account/service/exception/ResourceNotFound.java
2025-07-24 05:42:41,628 - INFO - Analyzing file: /tmp/tmp3ez6naka/Banking/Account-Service/src/main/java/org/training/account/service/external/SequenceService.java
2025-07-24 05:42:41,630 - INFO - Analyzing file: /tmp/tmp3ez6naka/Banking/Account-Service/src/main/java/org/training/account/service/external/TransactionService.java
2025-07-24 05:42:41,632 - INFO - Analyzing file: /tmp/tmp3ez6naka/Banking/Account-Service/src/main/java/org/training/account/service/external/UserService.java
2025-07-24 05:42:41,634 - INFO - Analyzing file: /tmp/tmp3ez6naka/Banking/Account-Service/src/main/java/org/training/account/service/model/AccountStatus.java
2025-07-24 05:42:41,635 - INFO - Analyzing file: /tmp/tmp3ez6naka/Banking/Account-Service/src/main/java/org/training/account/service/model/AccountType.java
2025-07-24 05:42:41,636 - INFO - Analyzing file: /tmp/tmp3ez6naka/Banking/Account-Service/src/main/java/org/training/account/service/model/Constants.java
2025-07-24 05:42:41,637 - INFO - Analyzing file: /tmp/tmp3ez6naka/Banking/Account-Service/src/main/java/org/training/account/service/model/dto/AccountDto.java
2025-07-24 05:42:41,639 - INFO - Analyzing file: /tmp/tmp3ez6naka/Banking/Account-Service/src/main/java/org/training/account/service/model/dto/AccountStatusUpdate.java
2025-07-24 05:42:41,641 - INFO - Analyzing file: /tmp/tmp3ez6naka/Banking/Account-Service/src/main/java/org/training/account/service/model/dto/external/SequenceDto.java
2025-07-24 05:42:41,643 - INFO - Analyzing file: /tmp/tmp3ez6naka/Banking/Account-Service/src/main/java/org/training/account/service/model/dto/external/TransactionResponse.java
2025-07-24 05:42:41,645 - INFO - Analyzing file: /tmp/tmp3ez6naka/Banking/Account-Service/src/main/java/org/training/account/service/model/dto/external/UserDto.java
2025-07-24 05:42:41,647 - INFO - Analyzing file: /tmp/tmp3ez6naka/Banking/Account-Service/src/main/java/org/training/account/service/model/dto/response/Response.java
2025-07-24 05:42:41,648 - INFO - Analyzing file: /tmp/tmp3ez6naka/Banking/Account-Service/src/main/java/org/training/account/service/model/entity/Account.java
2025-07-24 05:42:41,651 - INFO - Analyzing file: /tmp/tmp3ez6naka/Banking/Account-Service/src/main/java/org/training/account/service/model/mapper/AccountMapper.java
2025-07-24 05:42:41,653 - INFO - Analyzing file: /tmp/tmp3ez6naka/Banking/Account-Service/src/main/java/org/training/account/service/model/mapper/BaseMapper.java
2025-07-24 05:42:41,654 - INFO - Analyzing file: /tmp/tmp3ez6naka/Banking/Account-Service/src/main/java/org/training/account/service/repository/AccountRepository.java
2025-07-24 05:42:41,657 - INFO - Analyzing file: /tmp/tmp3ez6naka/Banking/Account-Service/src/main/java/org/training/account/service/service/AccountService.java
2025-07-24 05:42:41,661 - INFO - Analyzing file: /tmp/tmp3ez6naka/Banking/Account-Service/src/main/java/org/training/account/service/service/implementation/AccountServiceImpl.java
2025-07-24 05:42:41,679 - INFO - Analyzing file: /tmp/tmp3ez6naka/Banking/Account-Service/src/test/java/org/training/account/service/AccountServiceApplicationTests.java
2025-07-24 05:42:41,681 - INFO - Analyzing file: /tmp/tmp3ez6naka/Banking/API-Gateway/src/main/java/org/training/api/gateway/ApiGatewayApplication.java
2025-07-24 05:42:41,682 - INFO - Analyzing file: /tmp/tmp3ez6naka/Banking/API-Gateway/src/main/java/org/training/api/gateway/config/SecurityConfig.java
2025-07-24 05:42:41,684 - INFO - Analyzing file: /tmp/tmp3ez6naka/Banking/API-Gateway/src/test/java/org/training/api/gateway/ApiGatewayApplicationTests.java
2025-07-24 05:42:41,685 - INFO - Analyzing file: /tmp/tmp3ez6naka/Banking/docs/member-search-index.js
2025-07-24 05:42:41,721 - INFO - Analyzing file: /tmp/tmp3ez6naka/Banking/docs/module-search-index.js
2025-07-24 05:42:41,722 - INFO - Analyzing file: /tmp/tmp3ez6naka/Banking/docs/package-search-index.js
2025-07-24 05:42:41,726 - INFO - Analyzing file: /tmp/tmp3ez6naka/Banking/docs/script.js
2025-07-24 05:42:41,734 - INFO - Analyzing file: /tmp/tmp3ez6naka/Banking/docs/search.js
2025-07-24 05:42:41,753 - INFO - Analyzing file: /tmp/tmp3ez6naka/Banking/docs/tag-search-index.js
2025-07-24 05:42:41,754 - INFO - Analyzing file: /tmp/tmp3ez6naka/Banking/docs/type-search-index.js
2025-07-24 05:42:41,761 - INFO - Analyzing file: /tmp/tmp3ez6naka/Banking/docs/script-dir/jquery-3.6.0.min.js
2025-07-24 05:42:41,950 - INFO - Analyzing file: /tmp/tmp3ez6naka/Banking/docs/script-dir/jquery-ui.min.js
2025-07-24 05:42:42,008 - INFO - Analyzing file: /tmp/tmp3ez6naka/Banking/Fund-Transfer/src/main/java/org/training/fundtransfer/FundTransferApplication.java
2025-07-24 05:42:42,010 - INFO - Analyzing file: /tmp/tmp3ez6naka/Banking/Fund-Transfer/src/main/java/org/training/fundtransfer/configuration/FeignClientConfiguration.java
2025-07-24 05:42:42,012 - INFO - Analyzing file: /tmp/tmp3ez6naka/Banking/Fund-Transfer/src/main/java/org/training/fundtransfer/configuration/FeignClientErrorDecoder.java
2025-07-24 05:42:42,018 - INFO - Analyzing file: /tmp/tmp3ez6naka/Banking/Fund-Transfer/src/main/java/org/training/fundtransfer/controller/FundTransferController.java
2025-07-24 05:42:42,022 - INFO - Analyzing file: /tmp/tmp3ez6naka/Banking/Fund-Transfer/src/main/java/org/training/fundtransfer/exception/AccountUpdateException.java
2025-07-24 05:42:42,023 - INFO - Analyzing file: /tmp/tmp3ez6naka/Banking/Fund-Transfer/src/main/java/org/training/fundtransfer/exception/ErrorResponse.java
2025-07-24 05:42:42,024 - INFO - Analyzing file: /tmp/tmp3ez6naka/Banking/Fund-Transfer/src/main/java/org/training/fundtransfer/exception/GlobalErrorCode.java
2025-07-24 05:42:42,025 - INFO - Analyzing file: /tmp/tmp3ez6naka/Banking/Fund-Transfer/src/main/java/org/training/fundtransfer/exception/GlobalException.java
2025-07-24 05:42:42,027 - INFO - Analyzing file: /tmp/tmp3ez6naka/Banking/Fund-Transfer/src/main/java/org/training/fundtransfer/exception/GlobalExceptionHandler.java
2025-07-24 05:42:42,031 - INFO - Analyzing file: /tmp/tmp3ez6naka/Banking/Fund-Transfer/src/main/java/org/training/fundtransfer/exception/InsufficientBalance.java
2025-07-24 05:42:42,032 - INFO - Analyzing file: /tmp/tmp3ez6naka/Banking/Fund-Transfer/src/main/java/org/training/fundtransfer/exception/ResourceNotFound.java
2025-07-24 05:42:42,033 - INFO - Analyzing file: /tmp/tmp3ez6naka/Banking/Fund-Transfer/src/main/java/org/training/fundtransfer/external/AccountService.java
2025-07-24 05:42:42,036 - INFO - Analyzing file: /tmp/tmp3ez6naka/Banking/Fund-Transfer/src/main/java/org/training/fundtransfer/external/TransactionService.java
2025-07-24 05:42:42,039 - INFO - Analyzing file: /tmp/tmp3ez6naka/Banking/Fund-Transfer/src/main/java/org/training/fundtransfer/model/TransactionStatus.java
2025-07-24 05:42:42,040 - INFO - Analyzing file: /tmp/tmp3ez6naka/Banking/Fund-Transfer/src/main/java/org/training/fundtransfer/model/TransferType.java
2025-07-24 05:42:42,041 - INFO - Analyzing file: /tmp/tmp3ez6naka/Banking/Fund-Transfer/src/main/java/org/training/fundtransfer/model/dto/Account.java
2025-07-24 05:42:42,043 - INFO - Analyzing file: /tmp/tmp3ez6naka/Banking/Fund-Transfer/src/main/java/org/training/fundtransfer/model/dto/FundTransferDto.java
2025-07-24 05:42:42,045 - INFO - Analyzing file: /tmp/tmp3ez6naka/Banking/Fund-Transfer/src/main/java/org/training/fundtransfer/model/dto/Transaction.java
2025-07-24 05:42:42,047 - INFO - Analyzing file: /tmp/tmp3ez6naka/Banking/Fund-Transfer/src/main/java/org/training/fundtransfer/model/dto/request/FundTransferRequest.java
2025-07-24 05:42:42,054 - INFO - Analyzing file: /tmp/tmp3ez6naka/Banking/Fund-Transfer/src/main/java/org/training/fundtransfer/model/dto/response/FundTransferResponse.java
2025-07-24 05:42:42,055 - INFO - Analyzing file: /tmp/tmp3ez6naka/Banking/Fund-Transfer/src/main/java/org/training/fundtransfer/model/dto/response/Response.java
2025-07-24 05:42:42,056 - INFO - Analyzing file: /tmp/tmp3ez6naka/Banking/Fund-Transfer/src/main/java/org/training/fundtransfer/model/entity/FundTransfer.java
2025-07-24 05:42:42,059 - INFO - Analyzing file: /tmp/tmp3ez6naka/Banking/Fund-Transfer/src/main/java/org/training/fundtransfer/model/mapper/BaseMapper.java
2025-07-24 05:42:42,065 - INFO - Analyzing file: /tmp/tmp3ez6naka/Banking/Fund-Transfer/src/main/java/org/training/fundtransfer/model/mapper/FundTransferMapper.java
2025-07-24 05:42:42,068 - INFO - Analyzing file: /tmp/tmp3ez6naka/Banking/Fund-Transfer/src/main/java/org/training/fundtransfer/repository/FundTransferRepository.java
2025-07-24 05:42:42,070 - INFO - Analyzing file: /tmp/tmp3ez6naka/Banking/Fund-Transfer/src/main/java/org/training/fundtransfer/service/FundTransferService.java
2025-07-24 05:42:42,072 - INFO - Analyzing file: /tmp/tmp3ez6naka/Banking/Fund-Transfer/src/main/java/org/training/fundtransfer/service/implementation/FundTransferServiceImpl.java
2025-07-24 05:42:42,084 - INFO - Analyzing file: /tmp/tmp3ez6naka/Banking/Sequence-Generator/src/main/java/org/training/sequence/generator/SequenceGeneratorApplication.java
2025-07-24 05:42:42,085 - INFO - Analyzing file: /tmp/tmp3ez6naka/Banking/Sequence-Generator/src/main/java/org/training/sequence/generator/controller/SequenceController.java
2025-07-24 05:42:42,086 - INFO - Analyzing file: /tmp/tmp3ez6naka/Banking/Sequence-Generator/src/main/java/org/training/sequence/generator/model/entity/Sequence.java
2025-07-24 05:42:42,088 - INFO - Analyzing file: /tmp/tmp3ez6naka/Banking/Sequence-Generator/src/main/java/org/training/sequence/generator/reporitory/SequenceRepository.java
2025-07-24 05:42:42,089 - INFO - Analyzing file: /tmp/tmp3ez6naka/Banking/Sequence-Generator/src/main/java/org/training/sequence/generator/service/SequenceService.java
2025-07-24 05:42:42,089 - INFO - Analyzing file: /tmp/tmp3ez6naka/Banking/Sequence-Generator/src/main/java/org/training/sequence/generator/service/implementation/SequenceServiceImpl.java
2025-07-24 05:42:42,091 - INFO - Analyzing file: /tmp/tmp3ez6naka/Banking/Service-Registry/src/main/java/org/training/service/registry/ServiceRegistryApplication.java
2025-07-24 05:42:42,092 - INFO - Analyzing file: /tmp/tmp3ez6naka/Banking/Service-Registry/src/test/java/org/training/service/registry/ServiceRegistryApplicationTests.java
2025-07-24 05:42:42,093 - INFO - Analyzing file: /tmp/tmp3ez6naka/Banking/Transaction-Service/src/main/java/org/training/transactions/TransactionServiceApplication.java
2025-07-24 05:42:42,094 - INFO - Analyzing file: /tmp/tmp3ez6naka/Banking/Transaction-Service/src/main/java/org/training/transactions/configuration/FeignClientConfiguration.java
2025-07-24 05:42:42,095 - INFO - Analyzing file: /tmp/tmp3ez6naka/Banking/Transaction-Service/src/main/java/org/training/transactions/configuration/FeignClientErrorDecoder.java
2025-07-24 05:42:42,099 - INFO - Analyzing file: /tmp/tmp3ez6naka/Banking/Transaction-Service/src/main/java/org/training/transactions/controller/TransactionController.java
2025-07-24 05:42:42,105 - INFO - Analyzing file: /tmp/tmp3ez6naka/Banking/Transaction-Service/src/main/java/org/training/transactions/exception/AccountStatusException.java
2025-07-24 05:42:42,107 - INFO - Analyzing file: /tmp/tmp3ez6naka/Banking/Transaction-Service/src/main/java/org/training/transactions/exception/ErrorResponse.java
2025-07-24 05:42:42,108 - INFO - Analyzing file: /tmp/tmp3ez6naka/Banking/Transaction-Service/src/main/java/org/training/transactions/exception/GlobalErrorCode.java
2025-07-24 05:42:42,108 - INFO - Analyzing file: /tmp/tmp3ez6naka/Banking/Transaction-Service/src/main/java/org/training/transactions/exception/GlobalException.java
2025-07-24 05:42:42,111 - INFO - Analyzing file: /tmp/tmp3ez6naka/Banking/Transaction-Service/src/main/java/org/training/transactions/exception/GlobalExceptionHandler.java
2025-07-24 05:42:42,113 - INFO - Analyzing file: /tmp/tmp3ez6naka/Banking/Transaction-Service/src/main/java/org/training/transactions/exception/InsufficientBalance.java
2025-07-24 05:42:42,114 - INFO - Analyzing file: /tmp/tmp3ez6naka/Banking/Transaction-Service/src/main/java/org/training/transactions/exception/ResourceNotFound.java
2025-07-24 05:42:42,115 - INFO - Analyzing file: /tmp/tmp3ez6naka/Banking/Transaction-Service/src/main/java/org/training/transactions/external/AccountService.java
2025-07-24 05:42:42,117 - INFO - Analyzing file: /tmp/tmp3ez6naka/Banking/Transaction-Service/src/main/java/org/training/transactions/model/TransactionStatus.java
2025-07-24 05:42:42,117 - INFO - Analyzing file: /tmp/tmp3ez6naka/Banking/Transaction-Service/src/main/java/org/training/transactions/model/TransactionType.java
2025-07-24 05:42:42,119 - INFO - Analyzing file: /tmp/tmp3ez6naka/Banking/Transaction-Service/src/main/java/org/training/transactions/model/dto/TransactionDto.java
2025-07-24 05:42:42,121 - INFO - Analyzing file: /tmp/tmp3ez6naka/Banking/Transaction-Service/src/main/java/org/training/transactions/model/entity/Transaction.java
2025-07-24 05:42:42,123 - INFO - Analyzing file: /tmp/tmp3ez6naka/Banking/Transaction-Service/src/main/java/org/training/transactions/model/external/Account.java
2025-07-24 05:42:42,127 - INFO - Analyzing file: /tmp/tmp3ez6naka/Banking/Transaction-Service/src/main/java/org/training/transactions/model/mapper/BaseMapper.java
2025-07-24 05:42:42,128 - INFO - Analyzing file: /tmp/tmp3ez6naka/Banking/Transaction-Service/src/main/java/org/training/transactions/model/mapper/TransactionMapper.java
2025-07-24 05:42:42,130 - INFO - Analyzing file: /tmp/tmp3ez6naka/Banking/Transaction-Service/src/main/java/org/training/transactions/model/response/Response.java
2025-07-24 05:42:42,131 - INFO - Analyzing file: /tmp/tmp3ez6naka/Banking/Transaction-Service/src/main/java/org/training/transactions/model/response/TransactionRequest.java
2025-07-24 05:42:42,132 - INFO - Analyzing file: /tmp/tmp3ez6naka/Banking/Transaction-Service/src/main/java/org/training/transactions/repository/TransactionRepository.java
2025-07-24 05:42:42,133 - INFO - Analyzing file: /tmp/tmp3ez6naka/Banking/Transaction-Service/src/main/java/org/training/transactions/service/TransactionService.java
2025-07-24 05:42:42,135 - INFO - Analyzing file: /tmp/tmp3ez6naka/Banking/Transaction-Service/src/main/java/org/training/transactions/service/implementation/TransactionServiceImpl.java
2025-07-24 05:42:42,148 - INFO - Analyzing file: /tmp/tmp3ez6naka/Banking/User-Service/src/main/java/org/training/user/service/UserServiceApplication.java
2025-07-24 05:42:42,150 - INFO - Analyzing file: /tmp/tmp3ez6naka/Banking/User-Service/src/main/java/org/training/user/service/config/Configurations.java
2025-07-24 05:42:42,151 - INFO - Analyzing file: /tmp/tmp3ez6naka/Banking/User-Service/src/main/java/org/training/user/service/config/FeignClientConfiguration.java
2025-07-24 05:42:42,152 - INFO - Analyzing file: /tmp/tmp3ez6naka/Banking/User-Service/src/main/java/org/training/user/service/config/FeignClientErrorDecoder.java
2025-07-24 05:42:42,162 - INFO - Analyzing file: /tmp/tmp3ez6naka/Banking/User-Service/src/main/java/org/training/user/service/config/KeyCloakManager.java
2025-07-24 05:42:42,163 - INFO - Analyzing file: /tmp/tmp3ez6naka/Banking/User-Service/src/main/java/org/training/user/service/config/KeyCloakProperties.java
2025-07-24 05:42:42,165 - INFO - Analyzing file: /tmp/tmp3ez6naka/Banking/User-Service/src/main/java/org/training/user/service/controller/UserController.java
2025-07-24 05:42:42,169 - INFO - Analyzing file: /tmp/tmp3ez6naka/Banking/User-Service/src/main/java/org/training/user/service/exception/EmptyFields.java
2025-07-24 05:42:42,170 - INFO - Analyzing file: /tmp/tmp3ez6naka/Banking/User-Service/src/main/java/org/training/user/service/exception/ErrorResponse.java
2025-07-24 05:42:42,174 - INFO - Analyzing file: /tmp/tmp3ez6naka/Banking/User-Service/src/main/java/org/training/user/service/exception/GlobalError.java
2025-07-24 05:42:42,177 - INFO - Analyzing file: /tmp/tmp3ez6naka/Banking/User-Service/src/main/java/org/training/user/service/exception/GlobalException.java
2025-07-24 05:42:42,178 - INFO - Analyzing file: /tmp/tmp3ez6naka/Banking/User-Service/src/main/java/org/training/user/service/exception/GlobalExceptionHandler.java
2025-07-24 05:42:42,181 - INFO - Analyzing file: /tmp/tmp3ez6naka/Banking/User-Service/src/main/java/org/training/user/service/exception/ResourceConflictException.java
2025-07-24 05:42:42,183 - INFO - Analyzing file: /tmp/tmp3ez6naka/Banking/User-Service/src/main/java/org/training/user/service/exception/ResourceNotFound.java
2025-07-24 05:42:42,184 - INFO - Analyzing file: /tmp/tmp3ez6naka/Banking/User-Service/src/main/java/org/training/user/service/external/AccountService.java
2025-07-24 05:42:42,185 - INFO - Analyzing file: /tmp/tmp3ez6naka/Banking/User-Service/src/main/java/org/training/user/service/model/Status.java
2025-07-24 05:42:42,185 - INFO - Analyzing file: /tmp/tmp3ez6naka/Banking/User-Service/src/main/java/org/training/user/service/model/dto/CreateUser.java
2025-07-24 05:42:42,186 - INFO - Analyzing file: /tmp/tmp3ez6naka/Banking/User-Service/src/main/java/org/training/user/service/model/dto/UserDto.java
2025-07-24 05:42:42,190 - INFO - Analyzing file: /tmp/tmp3ez6naka/Banking/User-Service/src/main/java/org/training/user/service/model/dto/UserProfileDto.java
2025-07-24 05:42:42,192 - INFO - Analyzing file: /tmp/tmp3ez6naka/Banking/User-Service/src/main/java/org/training/user/service/model/dto/UserUpdate.java
2025-07-24 05:42:42,194 - INFO - Analyzing file: /tmp/tmp3ez6naka/Banking/User-Service/src/main/java/org/training/user/service/model/dto/UserUpdateStatus.java
2025-07-24 05:42:42,199 - INFO - Analyzing file: /tmp/tmp3ez6naka/Banking/User-Service/src/main/java/org/training/user/service/model/dto/external/AccountResponse.java
2025-07-24 05:42:42,201 - INFO - Analyzing file: /tmp/tmp3ez6naka/Banking/User-Service/src/main/java/org/training/user/service/model/dto/external/UserCreate.java
2025-07-24 05:42:42,202 - INFO - Analyzing file: /tmp/tmp3ez6naka/Banking/User-Service/src/main/java/org/training/user/service/model/dto/response/ReadUser.java
2025-07-24 05:42:42,206 - INFO - Analyzing file: /tmp/tmp3ez6naka/Banking/User-Service/src/main/java/org/training/user/service/model/dto/response/Response.java
2025-07-24 05:42:42,207 - INFO - Analyzing file: /tmp/tmp3ez6naka/Banking/User-Service/src/main/java/org/training/user/service/model/entity/User.java
2025-07-24 05:42:42,210 - INFO - Analyzing file: /tmp/tmp3ez6naka/Banking/User-Service/src/main/java/org/training/user/service/model/entity/UserProfile.java
2025-07-24 05:42:42,213 - INFO - Analyzing file: /tmp/tmp3ez6naka/Banking/User-Service/src/main/java/org/training/user/service/model/external/Account.java
2025-07-24 05:42:42,214 - INFO - Analyzing file: /tmp/tmp3ez6naka/Banking/User-Service/src/main/java/org/training/user/service/model/mapper/BaseMapper.java
2025-07-24 05:42:42,219 - INFO - Analyzing file: /tmp/tmp3ez6naka/Banking/User-Service/src/main/java/org/training/user/service/model/mapper/UserMapper.java
2025-07-24 05:42:42,226 - INFO - Analyzing file: /tmp/tmp3ez6naka/Banking/User-Service/src/main/java/org/training/user/service/repository/UserRepository.java
2025-07-24 05:42:42,227 - INFO - Analyzing file: /tmp/tmp3ez6naka/Banking/User-Service/src/main/java/org/training/user/service/service/KeycloakService.java
2025-07-24 05:42:42,231 - INFO - Analyzing file: /tmp/tmp3ez6naka/Banking/User-Service/src/main/java/org/training/user/service/service/UserService.java
2025-07-24 05:42:42,236 - INFO - Analyzing file: /tmp/tmp3ez6naka/Banking/User-Service/src/main/java/org/training/user/service/service/implementation/KeycloakServiceImpl.java
2025-07-24 05:42:42,243 - INFO - Analyzing file: /tmp/tmp3ez6naka/Banking/User-Service/src/main/java/org/training/user/service/service/implementation/UserServiceImpl.java
2025-07-24 05:42:42,260 - INFO - Analyzing file: /tmp/tmp3ez6naka/Banking/User-Service/src/main/java/org/training/user/service/utils/FieldChecker.java
2025-07-24 05:42:42,275 - INFO - Analysis report generated: MyApp_CodeLens_20250724_054242.html
